2021-07-17 17:05:00,987 INFO a.t.TodoManagementSpringBoot2Application [restartedMain] Starting TodoManagementSpringBoot2Application on DESKTOP-BRB3BI0 with PID 2820 (C:\Users\Abdullah.DESKTOP-BRB3BI0\Desktop\todo-management-spring-boot\target\classes started by Abdullah in C:\Users\Abdullah.DESKTOP-BRB3BI0\Desktop\todo-management-spring-boot)
2021-07-17 17:05:00,987 DEBUG a.t.TodoManagementSpringBoot2Application [restartedMain] Running with Spring Boot v2.0.4.RELEASE, Spring v5.0.8.RELEASE
2021-07-17 17:05:00,988 INFO a.t.TodoManagementSpringBoot2Application [restartedMain] No active profile set, falling back to default profiles: default
2021-07-17 17:18:31,889 INFO a.t.TodoManagementSpringBoot2Application [restartedMain] Starting TodoManagementSpringBoot2Application on DESKTOP-BRB3BI0 with PID 6220 (C:\Users\Abdullah.DESKTOP-BRB3BI0\Desktop\todo-management-spring-boot\target\classes started by Abdullah in C:\Users\Abdullah.DESKTOP-BRB3BI0\Desktop\todo-management-spring-boot)
2021-07-17 17:18:31,890 DEBUG a.t.TodoManagementSpringBoot2Application [restartedMain] Running with Spring Boot v2.0.4.RELEASE, Spring v5.0.8.RELEASE
2021-07-17 17:18:31,891 INFO a.t.TodoManagementSpringBoot2Application [restartedMain] No active profile set, falling back to default profiles: default
2021-07-17 17:58:37,748 INFO a.t.TodoManagementSpringBoot2Application [restartedMain] Starting TodoManagementSpringBoot2Application on DESKTOP-BRB3BI0 with PID 9128 (C:\Users\Abdullah.DESKTOP-BRB3BI0\Desktop\todo-management-spring-boot\target\classes started by Abdullah in C:\Users\Abdullah.DESKTOP-BRB3BI0\Desktop\todo-management-spring-boot)
2021-07-17 17:58:37,749 DEBUG a.t.TodoManagementSpringBoot2Application [restartedMain] Running with Spring Boot v2.0.4.RELEASE, Spring v5.0.8.RELEASE
2021-07-17 17:58:37,750 INFO a.t.TodoManagementSpringBoot2Application [restartedMain] No active profile set, falling back to default profiles: default
2021-07-17 18:03:54,578 INFO a.t.TodoManagementSpringBoot2Application [restartedMain] Starting TodoManagementSpringBoot2Application on DESKTOP-BRB3BI0 with PID 10416 (C:\Users\Abdullah.DESKTOP-BRB3BI0\Desktop\todo-management-spring-boot\target\classes started by Abdullah in C:\Users\Abdullah.DESKTOP-BRB3BI0\Desktop\todo-management-spring-boot)
2021-07-17 18:03:54,579 DEBUG a.t.TodoManagementSpringBoot2Application [restartedMain] Running with Spring Boot v2.0.4.RELEASE, Spring v5.0.8.RELEASE
2021-07-17 18:03:54,582 INFO a.t.TodoManagementSpringBoot2Application [restartedMain] No active profile set, falling back to default profiles: default
2021-07-17 18:05:49,918 INFO a.t.TodoManagementSpringBoot2Application [restartedMain] Starting TodoManagementSpringBoot2Application on DESKTOP-BRB3BI0 with PID 14552 (C:\Users\Abdullah.DESKTOP-BRB3BI0\Desktop\todo-management-spring-boot\target\classes started by Abdullah in C:\Users\Abdullah.DESKTOP-BRB3BI0\Desktop\todo-management-spring-boot)
2021-07-17 18:05:49,919 DEBUG a.t.TodoManagementSpringBoot2Application [restartedMain] Running with Spring Boot v2.0.4.RELEASE, Spring v5.0.8.RELEASE
2021-07-17 18:05:49,919 INFO a.t.TodoManagementSpringBoot2Application [restartedMain] No active profile set, falling back to default profiles: default
2021-07-17 18:08:47,128 INFO a.t.TodoManagementSpringBoot2Application [restartedMain] Starting TodoManagementSpringBoot2Application on DESKTOP-BRB3BI0 with PID 8000 (C:\Users\Abdullah.DESKTOP-BRB3BI0\Desktop\todo-management-spring-boot\target\classes started by Abdullah in C:\Users\Abdullah.DESKTOP-BRB3BI0\Desktop\todo-management-spring-boot)
2021-07-17 18:08:47,129 DEBUG a.t.TodoManagementSpringBoot2Application [restartedMain] Running with Spring Boot v2.0.4.RELEASE, Spring v5.0.8.RELEASE
2021-07-17 18:08:47,129 INFO a.t.TodoManagementSpringBoot2Application [restartedMain] No active profile set, falling back to default profiles: default
2021-07-17 19:27:42,448 INFO a.t.TodoManagementSpringBoot2Application [restartedMain] Starting TodoManagementSpringBoot2Application on DESKTOP-BRB3BI0 with PID 472 (C:\Users\Abdullah.DESKTOP-BRB3BI0\Desktop\todo-management-spring-boot\target\classes started by Abdullah in C:\Users\Abdullah.DESKTOP-BRB3BI0\Desktop\todo-management-spring-boot)
2021-07-17 19:27:42,449 DEBUG a.t.TodoManagementSpringBoot2Application [restartedMain] Running with Spring Boot v2.0.4.RELEASE, Spring v5.0.8.RELEASE
2021-07-17 19:27:42,449 INFO a.t.TodoManagementSpringBoot2Application [restartedMain] No active profile set, falling back to default profiles: default
2021-07-17 19:59:42,149 INFO a.t.TodoManagementSpringBoot2Application [restartedMain] Starting TodoManagementSpringBoot2Application on DESKTOP-BRB3BI0 with PID 2104 (C:\Users\Abdullah.DESKTOP-BRB3BI0\Desktop\todo-management-spring-boot\target\classes started by Abdullah in C:\Users\Abdullah.DESKTOP-BRB3BI0\Desktop\todo-management-spring-boot)
2021-07-17 19:59:42,151 DEBUG a.t.TodoManagementSpringBoot2Application [restartedMain] Running with Spring Boot v2.0.4.RELEASE, Spring v5.0.8.RELEASE
2021-07-17 19:59:42,151 INFO a.t.TodoManagementSpringBoot2Application [restartedMain] No active profile set, falling back to default profiles: default
2021-07-17 22:01:58,573 INFO a.t.TodoManagementSpringBoot2Application [restartedMain] Starting TodoManagementSpringBoot2Application on DESKTOP-BRB3BI0 with PID 2432 (C:\Users\Abdullah.DESKTOP-BRB3BI0\Desktop\todo-management-spring-boot\target\classes started by Abdullah in C:\Users\Abdullah.DESKTOP-BRB3BI0\Desktop\todo-management-spring-boot)
2021-07-17 22:01:58,574 DEBUG a.t.TodoManagementSpringBoot2Application [restartedMain] Running with Spring Boot v2.0.4.RELEASE, Spring v5.0.8.RELEASE
2021-07-17 22:01:58,574 INFO a.t.TodoManagementSpringBoot2Application [restartedMain] No active profile set, falling back to default profiles: default
2021-07-17 22:02:47,907 INFO a.t.TodoManagementSpringBoot2Application [restartedMain] Starting TodoManagementSpringBoot2Application on DESKTOP-BRB3BI0 with PID 7948 (C:\Users\Abdullah.DESKTOP-BRB3BI0\Desktop\todo-management-spring-boot\target\classes started by Abdullah in C:\Users\Abdullah.DESKTOP-BRB3BI0\Desktop\todo-management-spring-boot)
2021-07-17 22:02:47,908 DEBUG a.t.TodoManagementSpringBoot2Application [restartedMain] Running with Spring Boot v2.0.4.RELEASE, Spring v5.0.8.RELEASE
2021-07-17 22:02:47,908 INFO a.t.TodoManagementSpringBoot2Application [restartedMain] No active profile set, falling back to default profiles: default
2021-07-17 22:02:54,030 DEBUG o.h.SQL [restartedMain] create table address (id bigint not null auto_increment, city varchar(255), country varchar(255), state_code varchar(255), street_address varchar(255), zip_code varchar(255), customer_id bigint, primary key (id)) engine=InnoDB
2021-07-17 22:02:54,311 DEBUG o.h.SQL [restartedMain] create table address_aud (id bigint not null, rev integer not null, revtype tinyint, city varchar(255), country varchar(255), state_code varchar(255), street_address varchar(255), zip_code varchar(255), customer_id bigint, primary key (id, rev)) engine=InnoDB
2021-07-17 22:02:54,620 DEBUG o.h.SQL [restartedMain] create table customer (id bigint not null auto_increment, created_by varchar(255), created_on datetime, email_address varchar(255), first_name varchar(255), last_name varchar(255), updated_by varchar(255), updated_on datetime, primary key (id)) engine=InnoDB
2021-07-17 22:02:55,011 DEBUG o.h.SQL [restartedMain] create table customer_aud (id bigint not null, rev integer not null, revtype tinyint, created_by varchar(255), created_by_mod bit, created_on datetime, created_on_mod bit, email_address varchar(255), email_address_mod bit, first_name varchar(255), first_name_mod bit, last_name varchar(255), last_name_mod bit, updated_by varchar(255), updated_by_mod bit, updated_on datetime, updated_on_mod bit, primary key (id, rev)) engine=InnoDB
2021-07-17 22:02:55,294 DEBUG o.h.SQL [restartedMain] create table hibernate_sequence (next_val bigint) engine=InnoDB
2021-07-17 22:02:55,645 DEBUG o.h.SQL [restartedMain] insert into hibernate_sequence values ( 1 )
2021-07-17 22:02:55,669 DEBUG o.h.SQL [restartedMain] insert into hibernate_sequence values ( 1 )
2021-07-17 22:02:55,694 DEBUG o.h.SQL [restartedMain] create table revision_info (revision_id integer not null, rev_timestamp bigint, user varchar(255), primary key (revision_id)) engine=InnoDB
2021-07-17 22:02:55,994 DEBUG o.h.SQL [restartedMain] create table roles (id integer not null auto_increment, role_name varchar(255) not null, primary key (id)) engine=InnoDB
2021-07-17 22:02:56,236 DEBUG o.h.SQL [restartedMain] create table todos (id bigint not null, description varchar(255), target_date datetime, user_name varchar(255), primary key (id)) engine=InnoDB
2021-07-17 22:02:57,127 DEBUG o.h.SQL [restartedMain] create table todos_aud (id bigint not null, rev integer not null, revtype tinyint, description varchar(255), description_mod bit, target_date datetime, target_date_mod bit, user_name varchar(255), user_name_mod bit, primary key (id, rev)) engine=InnoDB
2021-07-17 22:02:57,902 DEBUG o.h.SQL [restartedMain] create table user_info (id integer not null auto_increment, email_address varchar(255) not null, first_name varchar(255) not null, last_name varchar(255) not null, password varchar(255) not null, primary key (id)) engine=InnoDB
2021-07-17 22:02:58,911 DEBUG o.h.SQL [restartedMain] create table user_roles (user_id integer not null, role_id integer not null, primary key (user_id, role_id)) engine=InnoDB
2021-07-17 22:02:59,728 DEBUG o.h.SQL [restartedMain] alter table user_roles drop index UK_5q4rc4fh1on6567qk69uesvyf
2021-07-17 22:02:59,733 DEBUG o.h.SQL [restartedMain] alter table user_roles add constraint UK_5q4rc4fh1on6567qk69uesvyf unique (role_id)
2021-07-17 22:03:00,497 DEBUG o.h.SQL [restartedMain] alter table address add constraint FK93c3js0e22ll1xlu21nvrhqgg foreign key (customer_id) references customer (id)
2021-07-17 22:03:03,476 DEBUG o.h.SQL [restartedMain] alter table address_aud add constraint FK87qq3eai3xmndn0h32ui400bd foreign key (rev) references revision_info (revision_id)
2021-07-17 22:03:06,534 DEBUG o.h.SQL [restartedMain] alter table customer_aud add constraint FKrub9uwugwoa4e54xm26ccc5xi foreign key (rev) references revision_info (revision_id)
2021-07-17 22:03:09,168 DEBUG o.h.SQL [restartedMain] alter table todos_aud add constraint FK7uxa1gio7xl6sphx0ajrso3ot foreign key (rev) references revision_info (revision_id)
2021-07-17 22:03:11,485 DEBUG o.h.SQL [restartedMain] alter table user_roles add constraint FKh8ciramu9cc9q3qcqiv4ue8a6 foreign key (role_id) references roles (id)
2021-07-17 22:03:12,951 DEBUG o.h.SQL [restartedMain] alter table user_roles add constraint FK2iy1s5r3nifbmix9n24lj7gqc foreign key (user_id) references user_info (id)
2021-07-17 22:06:06,521 INFO a.t.TodoManagementSpringBoot2Application [restartedMain] Starting TodoManagementSpringBoot2Application on DESKTOP-BRB3BI0 with PID 9796 (C:\Users\Abdullah.DESKTOP-BRB3BI0\Desktop\todo-management-spring-boot\target\classes started by Abdullah in C:\Users\Abdullah.DESKTOP-BRB3BI0\Desktop\todo-management-spring-boot)
2021-07-17 22:06:06,522 DEBUG a.t.TodoManagementSpringBoot2Application [restartedMain] Running with Spring Boot v2.0.4.RELEASE, Spring v5.0.8.RELEASE
2021-07-17 22:06:06,522 INFO a.t.TodoManagementSpringBoot2Application [restartedMain] No active profile set, falling back to default profiles: default
2021-07-17 22:06:15,475 INFO a.t.TodoManagementSpringBoot2Application [restartedMain] Started TodoManagementSpringBoot2Application in 9.503 seconds (JVM running for 13.631)
2021-07-17 22:06:38,441 DEBUG o.h.SQL [http-nio-8080-exec-10] select next_val as id_val from hibernate_sequence for update
2021-07-17 22:06:38,452 DEBUG o.h.SQL [http-nio-8080-exec-10] update hibernate_sequence set next_val= ? where next_val=?
2021-07-17 22:06:38,571 DEBUG o.h.SQL [http-nio-8080-exec-10] insert into todos (description, target_date, user_name, id) values (?, ?, ?, ?)
2021-07-17 22:07:05,340 DEBUG o.h.SQL [http-nio-8080-exec-10] select next_val as id_val from hibernate_sequence for update
2021-07-17 22:07:05,340 DEBUG o.h.SQL [http-nio-8080-exec-10] update hibernate_sequence set next_val= ? where next_val=?
2021-07-17 22:07:05,405 DEBUG o.h.SQL [http-nio-8080-exec-10] insert into revision_info (rev_timestamp, user, revision_id) values (?, ?, ?)
2021-07-17 22:07:05,406 DEBUG o.h.SQL [http-nio-8080-exec-10] insert into todos_aud (revtype, description, description_mod, target_date, target_date_mod, user_name, user_name_mod, id, rev) values (?, ?, ?, ?, ?, ?, ?, ?, ?)
2021-07-17 22:07:05,619 DEBUG o.h.SQL [http-nio-8080-exec-4] select todo0_.id as id1_6_, todo0_.description as descript2_6_, todo0_.target_date as target_d3_6_, todo0_.user_name as user_nam4_6_ from todos todo0_ where todo0_.user_name=?
2021-07-17 22:07:08,714 DEBUG o.h.SQL [http-nio-8080-exec-1] select todo0_.id as id1_6_0_, todo0_.description as descript2_6_0_, todo0_.target_date as target_d3_6_0_, todo0_.user_name as user_nam4_6_0_ from todos todo0_ where todo0_.id=?
2021-07-17 22:07:17,248 DEBUG o.h.SQL [http-nio-8080-exec-4] select todo0_.id as id1_6_0_, todo0_.description as descript2_6_0_, todo0_.target_date as target_d3_6_0_, todo0_.user_name as user_nam4_6_0_ from todos todo0_ where todo0_.id=?
2021-07-17 22:07:17,250 DEBUG o.h.SQL [http-nio-8080-exec-4] update todos set description=?, target_date=?, user_name=? where id=?
2021-07-17 22:07:22,064 DEBUG o.h.SQL [http-nio-8080-exec-4] select next_val as id_val from hibernate_sequence for update
2021-07-17 22:07:22,064 DEBUG o.h.SQL [http-nio-8080-exec-4] update hibernate_sequence set next_val= ? where next_val=?
2021-07-17 22:07:22,146 DEBUG o.h.SQL [http-nio-8080-exec-4] insert into revision_info (rev_timestamp, user, revision_id) values (?, ?, ?)
2021-07-17 22:07:22,146 DEBUG o.h.SQL [http-nio-8080-exec-4] insert into todos_aud (revtype, description, description_mod, target_date, target_date_mod, user_name, user_name_mod, id, rev) values (?, ?, ?, ?, ?, ?, ?, ?, ?)
2021-07-17 22:07:22,634 DEBUG o.h.SQL [http-nio-8080-exec-7] select todo0_.id as id1_6_, todo0_.description as descript2_6_, todo0_.target_date as target_d3_6_, todo0_.user_name as user_nam4_6_ from todos todo0_ where todo0_.user_name=?
2021-07-17 22:44:17,201 DEBUG o.h.SQL [http-nio-8080-exec-1] select todo0_.id as id1_6_, todo0_.description as descript2_6_, todo0_.target_date as target_d3_6_, todo0_.user_name as user_nam4_6_ from todos todo0_ where todo0_.user_name=?
2021-07-17 22:44:34,165 DEBUG o.h.SQL [http-nio-8080-exec-1] select next_val as id_val from hibernate_sequence for update
2021-07-17 22:44:34,167 DEBUG o.h.SQL [http-nio-8080-exec-1] update hibernate_sequence set next_val= ? where next_val=?
2021-07-17 22:44:34,269 DEBUG o.h.SQL [http-nio-8080-exec-1] insert into todos (description, target_date, user_name, id) values (?, ?, ?, ?)
2021-07-17 22:44:41,383 DEBUG o.h.SQL [http-nio-8080-exec-1] select next_val as id_val from hibernate_sequence for update
2021-07-17 22:44:41,384 DEBUG o.h.SQL [http-nio-8080-exec-1] update hibernate_sequence set next_val= ? where next_val=?
2021-07-17 22:44:41,419 DEBUG o.h.SQL [http-nio-8080-exec-1] insert into revision_info (rev_timestamp, user, revision_id) values (?, ?, ?)
2021-07-17 22:44:41,420 DEBUG o.h.SQL [http-nio-8080-exec-1] insert into todos_aud (revtype, description, description_mod, target_date, target_date_mod, user_name, user_name_mod, id, rev) values (?, ?, ?, ?, ?, ?, ?, ?, ?)
2021-07-17 22:44:41,552 DEBUG o.h.SQL [http-nio-8080-exec-10] select todo0_.id as id1_6_, todo0_.description as descript2_6_, todo0_.target_date as target_d3_6_, todo0_.user_name as user_nam4_6_ from todos todo0_ where todo0_.user_name=?
2021-07-17 22:45:56,108 DEBUG o.h.SQL [http-nio-8080-exec-1] select todo0_.id as id1_6_, todo0_.description as descript2_6_, todo0_.target_date as target_d3_6_, todo0_.user_name as user_nam4_6_ from todos todo0_ where todo0_.user_name=?
2021-07-17 22:52:57,755 INFO a.t.TodoManagementSpringBoot2Application [restartedMain] Starting TodoManagementSpringBoot2Application on DESKTOP-BRB3BI0 with PID 5948 (C:\Users\Abdullah.DESKTOP-BRB3BI0\Desktop\todo-management-spring-boot\target\classes started by Abdullah in C:\Users\Abdullah.DESKTOP-BRB3BI0\Desktop\todo-management-spring-boot)
2021-07-17 22:52:57,757 DEBUG a.t.TodoManagementSpringBoot2Application [restartedMain] Running with Spring Boot v2.0.4.RELEASE, Spring v5.0.8.RELEASE
2021-07-17 22:52:57,758 INFO a.t.TodoManagementSpringBoot2Application [restartedMain] No active profile set, falling back to default profiles: default
2021-07-17 22:53:03,884 DEBUG o.h.SQL [restartedMain] create table address (id bigint not null auto_increment, city varchar(255), country varchar(255), state_code varchar(255), street_address varchar(255), zip_code varchar(255), customer_id bigint, primary key (id)) engine=InnoDB
2021-07-17 22:53:04,079 DEBUG o.h.SQL [restartedMain] create table address_aud (id bigint not null, rev integer not null, revtype tinyint, city varchar(255), country varchar(255), state_code varchar(255), street_address varchar(255), zip_code varchar(255), customer_id bigint, primary key (id, rev)) engine=InnoDB
2021-07-17 22:53:04,580 DEBUG o.h.SQL [restartedMain] create table customer (id bigint not null auto_increment, created_by varchar(255), created_on datetime, email_address varchar(255), first_name varchar(255), last_name varchar(255), updated_by varchar(255), updated_on datetime, primary key (id)) engine=InnoDB
2021-07-17 22:53:05,472 DEBUG o.h.SQL [restartedMain] create table customer_aud (id bigint not null, rev integer not null, revtype tinyint, created_by varchar(255), created_by_mod bit, created_on datetime, created_on_mod bit, email_address varchar(255), email_address_mod bit, first_name varchar(255), first_name_mod bit, last_name varchar(255), last_name_mod bit, updated_by varchar(255), updated_by_mod bit, updated_on datetime, updated_on_mod bit, primary key (id, rev)) engine=InnoDB
2021-07-17 22:53:05,938 DEBUG o.h.SQL [restartedMain] create table hibernate_sequence (next_val bigint) engine=InnoDB
2021-07-17 22:53:06,749 DEBUG o.h.SQL [restartedMain] insert into hibernate_sequence values ( 1 )
2021-07-17 22:53:06,837 DEBUG o.h.SQL [restartedMain] insert into hibernate_sequence values ( 1 )
2021-07-17 22:53:06,917 DEBUG o.h.SQL [restartedMain] create table revision_info (revision_id integer not null, rev_timestamp bigint, user varchar(255), primary key (revision_id)) engine=InnoDB
2021-07-17 22:53:07,604 DEBUG o.h.SQL [restartedMain] create table roles (id integer not null auto_increment, role_name varchar(255) not null, primary key (id)) engine=InnoDB
2021-07-17 22:53:08,505 DEBUG o.h.SQL [restartedMain] create table todos (id bigint not null, description varchar(255), target_date datetime, user_name varchar(255), primary key (id)) engine=InnoDB
2021-07-17 22:53:09,180 DEBUG o.h.SQL [restartedMain] create table todos_aud (id bigint not null, rev integer not null, revtype tinyint, description varchar(255), description_mod bit, target_date datetime, target_date_mod bit, user_name varchar(255), user_name_mod bit, primary key (id, rev)) engine=InnoDB
2021-07-17 22:53:09,854 DEBUG o.h.SQL [restartedMain] create table user_info (id integer not null auto_increment, email_address varchar(255) not null, first_name varchar(255) not null, last_name varchar(255) not null, password varchar(255) not null, primary key (id)) engine=InnoDB
2021-07-17 22:53:10,479 DEBUG o.h.SQL [restartedMain] create table user_roles (user_id integer not null, role_id integer not null, primary key (user_id, role_id)) engine=InnoDB
2021-07-17 22:53:11,078 DEBUG o.h.SQL [restartedMain] alter table user_roles drop index UK_5q4rc4fh1on6567qk69uesvyf
2021-07-17 22:53:11,080 DEBUG o.h.SQL [restartedMain] alter table user_roles add constraint UK_5q4rc4fh1on6567qk69uesvyf unique (role_id)
2021-07-17 22:53:11,898 DEBUG o.h.SQL [restartedMain] alter table address add constraint FK93c3js0e22ll1xlu21nvrhqgg foreign key (customer_id) references customer (id)
2021-07-17 22:53:13,555 DEBUG o.h.SQL [restartedMain] alter table address_aud add constraint FK87qq3eai3xmndn0h32ui400bd foreign key (rev) references revision_info (revision_id)
2021-07-17 22:53:14,799 DEBUG o.h.SQL [restartedMain] alter table customer_aud add constraint FKrub9uwugwoa4e54xm26ccc5xi foreign key (rev) references revision_info (revision_id)
2021-07-17 22:53:15,754 DEBUG o.h.SQL [restartedMain] alter table todos_aud add constraint FK7uxa1gio7xl6sphx0ajrso3ot foreign key (rev) references revision_info (revision_id)
2021-07-17 22:53:17,065 DEBUG o.h.SQL [restartedMain] alter table user_roles add constraint FKh8ciramu9cc9q3qcqiv4ue8a6 foreign key (role_id) references roles (id)
2021-07-17 22:53:18,278 DEBUG o.h.SQL [restartedMain] alter table user_roles add constraint FK2iy1s5r3nifbmix9n24lj7gqc foreign key (user_id) references user_info (id)
2021-07-17 22:53:21,991 INFO a.t.TodoManagementSpringBoot2Application [restartedMain] Started TodoManagementSpringBoot2Application in 24.744 seconds (JVM running for 28.489)
2021-07-17 22:54:31,892 DEBUG o.h.SQL [http-nio-8080-exec-4] select todo0_.id as id1_6_, todo0_.description as descript2_6_, todo0_.target_date as target_d3_6_, todo0_.user_name as user_nam4_6_ from todos todo0_ where todo0_.user_name=?
2021-07-17 22:54:46,338 DEBUG o.h.SQL [http-nio-8080-exec-4] select next_val as id_val from hibernate_sequence for update
2021-07-17 22:54:46,340 DEBUG o.h.SQL [http-nio-8080-exec-4] update hibernate_sequence set next_val= ? where next_val=?
2021-07-17 22:54:46,398 DEBUG o.h.SQL [http-nio-8080-exec-4] insert into todos (description, target_date, user_name, id) values (?, ?, ?, ?)
2021-07-17 22:54:46,410 DEBUG o.h.SQL [http-nio-8080-exec-4] select next_val as id_val from hibernate_sequence for update
2021-07-17 22:54:46,410 DEBUG o.h.SQL [http-nio-8080-exec-4] update hibernate_sequence set next_val= ? where next_val=?
2021-07-17 22:54:46,441 DEBUG o.h.SQL [http-nio-8080-exec-4] insert into revision_info (rev_timestamp, user, revision_id) values (?, ?, ?)
2021-07-17 22:54:46,443 DEBUG o.h.SQL [http-nio-8080-exec-4] insert into todos_aud (revtype, description, description_mod, target_date, target_date_mod, user_name, user_name_mod, id, rev) values (?, ?, ?, ?, ?, ?, ?, ?, ?)
2021-07-17 22:54:46,494 DEBUG o.h.SQL [http-nio-8080-exec-2] select todo0_.id as id1_6_, todo0_.description as descript2_6_, todo0_.target_date as target_d3_6_, todo0_.user_name as user_nam4_6_ from todos todo0_ where todo0_.user_name=?
2021-07-17 23:10:22,129 DEBUG o.h.SQL [http-nio-8080-exec-4] select todo0_.id as id1_6_0_, todo0_.description as descript2_6_0_, todo0_.target_date as target_d3_6_0_, todo0_.user_name as user_nam4_6_0_ from todos todo0_ where todo0_.id=?
2021-07-17 23:10:33,438 DEBUG o.h.SQL [http-nio-8080-exec-9] select todo0_.id as id1_6_0_, todo0_.description as descript2_6_0_, todo0_.target_date as target_d3_6_0_, todo0_.user_name as user_nam4_6_0_ from todos todo0_ where todo0_.id=?
2021-07-17 23:10:33,441 DEBUG o.h.SQL [http-nio-8080-exec-9] update todos set description=?, target_date=?, user_name=? where id=?
2021-07-17 23:10:33,443 DEBUG o.h.SQL [http-nio-8080-exec-9] select next_val as id_val from hibernate_sequence for update
2021-07-17 23:10:33,444 DEBUG o.h.SQL [http-nio-8080-exec-9] update hibernate_sequence set next_val= ? where next_val=?
2021-07-17 23:10:33,512 DEBUG o.h.SQL [http-nio-8080-exec-9] insert into revision_info (rev_timestamp, user, revision_id) values (?, ?, ?)
2021-07-17 23:10:33,513 DEBUG o.h.SQL [http-nio-8080-exec-9] insert into todos_aud (revtype, description, description_mod, target_date, target_date_mod, user_name, user_name_mod, id, rev) values (?, ?, ?, ?, ?, ?, ?, ?, ?)
2021-07-17 23:10:33,745 DEBUG o.h.SQL [http-nio-8080-exec-8] select todo0_.id as id1_6_, todo0_.description as descript2_6_, todo0_.target_date as target_d3_6_, todo0_.user_name as user_nam4_6_ from todos todo0_ where todo0_.user_name=?
2021-07-17 23:11:01,545 DEBUG o.h.SQL [http-nio-8080-exec-3] select todo0_.id as id1_6_0_, todo0_.description as descript2_6_0_, todo0_.target_date as target_d3_6_0_, todo0_.user_name as user_nam4_6_0_ from todos todo0_ where todo0_.id=?
2021-07-17 23:11:01,557 DEBUG o.h.SQL [http-nio-8080-exec-3] delete from todos where id=?
2021-07-17 23:11:01,560 DEBUG o.h.SQL [http-nio-8080-exec-3] select next_val as id_val from hibernate_sequence for update
2021-07-17 23:11:01,560 DEBUG o.h.SQL [http-nio-8080-exec-3] update hibernate_sequence set next_val= ? where next_val=?
2021-07-17 23:11:01,613 DEBUG o.h.SQL [http-nio-8080-exec-3] insert into revision_info (rev_timestamp, user, revision_id) values (?, ?, ?)
2021-07-17 23:11:01,613 DEBUG o.h.SQL [http-nio-8080-exec-3] insert into todos_aud (revtype, description, description_mod, target_date, target_date_mod, user_name, user_name_mod, id, rev) values (?, ?, ?, ?, ?, ?, ?, ?, ?)
2021-07-17 23:11:01,672 DEBUG o.h.SQL [http-nio-8080-exec-1] select todo0_.id as id1_6_, todo0_.description as descript2_6_, todo0_.target_date as target_d3_6_, todo0_.user_name as user_nam4_6_ from todos todo0_ where todo0_.user_name=?
2021-07-17 23:30:15,166 INFO a.t.TodoManagementSpringBoot2Application [restartedMain] Starting TodoManagementSpringBoot2Application on DESKTOP-BRB3BI0 with PID 2596 (C:\Users\Abdullah.DESKTOP-BRB3BI0\Desktop\todo-management-spring-boot\target\classes started by Abdullah in C:\Users\Abdullah.DESKTOP-BRB3BI0\Desktop\todo-management-spring-boot)
2021-07-17 23:30:15,167 DEBUG a.t.TodoManagementSpringBoot2Application [restartedMain] Running with Spring Boot v2.0.4.RELEASE, Spring v5.0.8.RELEASE
2021-07-17 23:30:15,167 INFO a.t.TodoManagementSpringBoot2Application [restartedMain] No active profile set, falling back to default profiles: default
2021-07-17 23:30:22,708 INFO a.t.TodoManagementSpringBoot2Application [restartedMain] Started TodoManagementSpringBoot2Application in 8.019 seconds (JVM running for 10.419)
2021-07-17 23:31:06,625 INFO a.t.TodoManagementSpringBoot2Application [restartedMain] Starting TodoManagementSpringBoot2Application on DESKTOP-BRB3BI0 with PID 15972 (C:\Users\Abdullah.DESKTOP-BRB3BI0\Desktop\todo-management-spring-boot\target\classes started by Abdullah in C:\Users\Abdullah.DESKTOP-BRB3BI0\Desktop\todo-management-spring-boot)
2021-07-17 23:31:06,626 DEBUG a.t.TodoManagementSpringBoot2Application [restartedMain] Running with Spring Boot v2.0.4.RELEASE, Spring v5.0.8.RELEASE
2021-07-17 23:31:06,626 INFO a.t.TodoManagementSpringBoot2Application [restartedMain] No active profile set, falling back to default profiles: default
2021-07-17 23:31:13,987 INFO a.t.TodoManagementSpringBoot2Application [restartedMain] Started TodoManagementSpringBoot2Application in 8.068 seconds (JVM running for 10.191)
2021-07-17 23:31:37,442 DEBUG o.h.SQL [http-nio-8080-exec-5] select todo0_.id as id1_6_, todo0_.description as descript2_6_, todo0_.target_date as target_d3_6_, todo0_.user_name as user_nam4_6_ from todos todo0_ where todo0_.user_name=?
2021-07-17 23:31:47,647 DEBUG o.h.SQL [http-nio-8080-exec-5] select next_val as id_val from hibernate_sequence for update
2021-07-17 23:31:47,648 DEBUG o.h.SQL [http-nio-8080-exec-5] update hibernate_sequence set next_val= ? where next_val=?
2021-07-17 23:31:47,733 DEBUG o.h.SQL [http-nio-8080-exec-5] insert into todos (description, target_date, user_name, id) values (?, ?, ?, ?)
2021-07-17 23:31:47,744 DEBUG o.h.SQL [http-nio-8080-exec-5] select next_val as id_val from hibernate_sequence for update
2021-07-17 23:31:47,745 DEBUG o.h.SQL [http-nio-8080-exec-5] update hibernate_sequence set next_val= ? where next_val=?
2021-07-17 23:31:47,921 DEBUG o.h.SQL [http-nio-8080-exec-5] insert into revision_info (rev_timestamp, user, revision_id) values (?, ?, ?)
2021-07-17 23:31:47,922 DEBUG o.h.SQL [http-nio-8080-exec-5] insert into todos_aud (revtype, description, description_mod, target_date, target_date_mod, user_name, user_name_mod, id, rev) values (?, ?, ?, ?, ?, ?, ?, ?, ?)
2021-07-17 23:31:48,370 DEBUG o.h.SQL [http-nio-8080-exec-6] select todo0_.id as id1_6_, todo0_.description as descript2_6_, todo0_.target_date as target_d3_6_, todo0_.user_name as user_nam4_6_ from todos todo0_ where todo0_.user_name=?
2021-07-17 23:31:50,334 DEBUG o.h.SQL [http-nio-8080-exec-9] select todo0_.id as id1_6_0_, todo0_.description as descript2_6_0_, todo0_.target_date as target_d3_6_0_, todo0_.user_name as user_nam4_6_0_ from todos todo0_ where todo0_.id=?
2021-07-17 23:31:50,349 DEBUG o.h.SQL [http-nio-8080-exec-9] delete from todos where id=?
2021-07-17 23:31:50,352 DEBUG o.h.SQL [http-nio-8080-exec-9] select next_val as id_val from hibernate_sequence for update
2021-07-17 23:31:50,352 DEBUG o.h.SQL [http-nio-8080-exec-9] update hibernate_sequence set next_val= ? where next_val=?
2021-07-17 23:31:50,555 DEBUG o.h.SQL [http-nio-8080-exec-9] insert into revision_info (rev_timestamp, user, revision_id) values (?, ?, ?)
2021-07-17 23:31:50,556 DEBUG o.h.SQL [http-nio-8080-exec-9] insert into todos_aud (revtype, description, description_mod, target_date, target_date_mod, user_name, user_name_mod, id, rev) values (?, ?, ?, ?, ?, ?, ?, ?, ?)
2021-07-17 23:31:51,469 DEBUG o.h.SQL [http-nio-8080-exec-1] select todo0_.id as id1_6_, todo0_.description as descript2_6_, todo0_.target_date as target_d3_6_, todo0_.user_name as user_nam4_6_ from todos todo0_ where todo0_.user_name=?
2021-07-17 23:49:02,271 INFO a.t.TodoManagementSpringBoot2Application [restartedMain] Starting TodoManagementSpringBoot2Application on DESKTOP-BRB3BI0 with PID 15428 (C:\Users\Abdullah.DESKTOP-BRB3BI0\Desktop\todo-management-spring-boot\target\classes started by Abdullah in C:\Users\Abdullah.DESKTOP-BRB3BI0\Desktop\todo-management-spring-boot)
2021-07-17 23:49:02,272 DEBUG a.t.TodoManagementSpringBoot2Application [restartedMain] Running with Spring Boot v2.0.4.RELEASE, Spring v5.0.8.RELEASE
2021-07-17 23:49:02,273 INFO a.t.TodoManagementSpringBoot2Application [restartedMain] No active profile set, falling back to default profiles: default
2021-07-17 23:49:10,066 INFO a.t.TodoManagementSpringBoot2Application [restartedMain] Started TodoManagementSpringBoot2Application in 8.276 seconds (JVM running for 11.232)
2021-07-17 23:49:25,557 DEBUG o.h.SQL [http-nio-8080-exec-9] select todo0_.id as id1_6_, todo0_.description as descript2_6_, todo0_.target_date as target_d3_6_, todo0_.user_name as user_nam4_6_ from todos todo0_ where todo0_.user_name=?
2021-07-17 23:49:31,828 DEBUG o.h.SQL [http-nio-8080-exec-9] select next_val as id_val from hibernate_sequence for update
2021-07-17 23:49:31,830 DEBUG o.h.SQL [http-nio-8080-exec-9] update hibernate_sequence set next_val= ? where next_val=?
2021-07-17 23:49:31,920 DEBUG o.h.SQL [http-nio-8080-exec-9] insert into todos (description, target_date, user_name, id) values (?, ?, ?, ?)
2021-07-17 23:49:31,938 DEBUG o.h.SQL [http-nio-8080-exec-9] select next_val as id_val from hibernate_sequence for update
2021-07-17 23:49:31,938 DEBUG o.h.SQL [http-nio-8080-exec-9] update hibernate_sequence set next_val= ? where next_val=?
2021-07-17 23:49:32,137 DEBUG o.h.SQL [http-nio-8080-exec-9] insert into revision_info (rev_timestamp, user, revision_id) values (?, ?, ?)
2021-07-17 23:49:32,141 DEBUG o.h.SQL [http-nio-8080-exec-9] insert into todos_aud (revtype, description, description_mod, target_date, target_date_mod, user_name, user_name_mod, id, rev) values (?, ?, ?, ?, ?, ?, ?, ?, ?)
2021-07-17 23:49:32,333 DEBUG o.h.SQL [http-nio-8080-exec-5] select todo0_.id as id1_6_, todo0_.description as descript2_6_, todo0_.target_date as target_d3_6_, todo0_.user_name as user_nam4_6_ from todos todo0_ where todo0_.user_name=?
2021-07-17 23:49:33,853 DEBUG o.h.SQL [http-nio-8080-exec-3] select todo0_.id as id1_6_0_, todo0_.description as descript2_6_0_, todo0_.target_date as target_d3_6_0_, todo0_.user_name as user_nam4_6_0_ from todos todo0_ where todo0_.id=?
2021-07-17 23:49:33,868 DEBUG o.h.SQL [http-nio-8080-exec-3] delete from todos where id=?
2021-07-17 23:49:33,870 DEBUG o.h.SQL [http-nio-8080-exec-3] select next_val as id_val from hibernate_sequence for update
2021-07-17 23:49:33,871 DEBUG o.h.SQL [http-nio-8080-exec-3] update hibernate_sequence set next_val= ? where next_val=?
2021-07-17 23:49:34,062 DEBUG o.h.SQL [http-nio-8080-exec-3] insert into revision_info (rev_timestamp, user, revision_id) values (?, ?, ?)
2021-07-17 23:49:34,063 DEBUG o.h.SQL [http-nio-8080-exec-3] insert into todos_aud (revtype, description, description_mod, target_date, target_date_mod, user_name, user_name_mod, id, rev) values (?, ?, ?, ?, ?, ?, ?, ?, ?)
2021-07-17 23:49:34,288 DEBUG o.h.SQL [http-nio-8080-exec-1] select todo0_.id as id1_6_, todo0_.description as descript2_6_, todo0_.target_date as target_d3_6_, todo0_.user_name as user_nam4_6_ from todos todo0_ where todo0_.user_name=?
2021-07-18 00:08:56,431 INFO a.t.TodoManagementSpringBoot2Application [restartedMain] Starting TodoManagementSpringBoot2Application on DESKTOP-BRB3BI0 with PID 1592 (C:\Users\Abdullah.DESKTOP-BRB3BI0\Desktop\todo-management-spring-boot\target\classes started by Abdullah in C:\Users\Abdullah.DESKTOP-BRB3BI0\Desktop\todo-management-spring-boot)
2021-07-18 00:08:56,432 DEBUG a.t.TodoManagementSpringBoot2Application [restartedMain] Running with Spring Boot v2.0.4.RELEASE, Spring v5.0.8.RELEASE
2021-07-18 00:08:56,433 INFO a.t.TodoManagementSpringBoot2Application [restartedMain] No active profile set, falling back to default profiles: default
2021-07-18 00:09:04,213 INFO a.t.TodoManagementSpringBoot2Application [restartedMain] Started TodoManagementSpringBoot2Application in 8.235 seconds (JVM running for 10.648)
2021-07-18 00:09:21,951 DEBUG o.h.SQL [http-nio-8080-exec-6] select todo0_.id as id1_6_, todo0_.description as descript2_6_, todo0_.target_date as target_d3_6_, todo0_.user_name as user_nam4_6_ from todos todo0_ where todo0_.user_name=?
2021-07-18 00:09:28,040 DEBUG o.h.SQL [http-nio-8080-exec-6] select next_val as id_val from hibernate_sequence for update
2021-07-18 00:09:28,042 DEBUG o.h.SQL [http-nio-8080-exec-6] update hibernate_sequence set next_val= ? where next_val=?
2021-07-18 00:09:28,151 DEBUG o.h.SQL [http-nio-8080-exec-6] insert into todos (description, target_date, user_name, id) values (?, ?, ?, ?)
2021-07-18 00:09:28,162 DEBUG o.h.SQL [http-nio-8080-exec-6] select next_val as id_val from hibernate_sequence for update
2021-07-18 00:09:28,162 DEBUG o.h.SQL [http-nio-8080-exec-6] update hibernate_sequence set next_val= ? where next_val=?
2021-07-18 00:09:28,253 DEBUG o.h.SQL [http-nio-8080-exec-6] insert into revision_info (rev_timestamp, user, revision_id) values (?, ?, ?)
2021-07-18 00:09:28,255 DEBUG o.h.SQL [http-nio-8080-exec-6] insert into todos_aud (revtype, description, description_mod, target_date, target_date_mod, user_name, user_name_mod, id, rev) values (?, ?, ?, ?, ?, ?, ?, ?, ?)
2021-07-18 00:09:28,363 DEBUG o.h.SQL [http-nio-8080-exec-7] select todo0_.id as id1_6_, todo0_.description as descript2_6_, todo0_.target_date as target_d3_6_, todo0_.user_name as user_nam4_6_ from todos todo0_ where todo0_.user_name=?
2021-07-18 00:09:29,363 DEBUG o.h.SQL [http-nio-8080-exec-5] select todo0_.id as id1_6_0_, todo0_.description as descript2_6_0_, todo0_.target_date as target_d3_6_0_, todo0_.user_name as user_nam4_6_0_ from todos todo0_ where todo0_.id=?
2021-07-18 00:09:29,378 DEBUG o.h.SQL [http-nio-8080-exec-5] delete from todos where id=?
2021-07-18 00:09:29,380 DEBUG o.h.SQL [http-nio-8080-exec-5] select next_val as id_val from hibernate_sequence for update
2021-07-18 00:09:29,381 DEBUG o.h.SQL [http-nio-8080-exec-5] update hibernate_sequence set next_val= ? where next_val=?
2021-07-18 00:09:29,435 DEBUG o.h.SQL [http-nio-8080-exec-5] insert into revision_info (rev_timestamp, user, revision_id) values (?, ?, ?)
2021-07-18 00:09:29,436 DEBUG o.h.SQL [http-nio-8080-exec-5] insert into todos_aud (revtype, description, description_mod, target_date, target_date_mod, user_name, user_name_mod, id, rev) values (?, ?, ?, ?, ?, ?, ?, ?, ?)
2021-07-18 00:09:29,492 DEBUG o.h.SQL [http-nio-8080-exec-3] select todo0_.id as id1_6_, todo0_.description as descript2_6_, todo0_.target_date as target_d3_6_, todo0_.user_name as user_nam4_6_ from todos todo0_ where todo0_.user_name=?
2021-07-18 00:20:57,862 INFO a.t.TodoManagementSpringBoot2Application [restartedMain] Starting TodoManagementSpringBoot2Application on DESKTOP-BRB3BI0 with PID 12648 (C:\Users\Abdullah.DESKTOP-BRB3BI0\Desktop\todo-management-spring-boot\target\classes started by Abdullah in C:\Users\Abdullah.DESKTOP-BRB3BI0\Desktop\todo-management-spring-boot)
2021-07-18 00:20:57,863 DEBUG a.t.TodoManagementSpringBoot2Application [restartedMain] Running with Spring Boot v2.0.4.RELEASE, Spring v5.0.8.RELEASE
2021-07-18 00:20:57,863 INFO a.t.TodoManagementSpringBoot2Application [restartedMain] No active profile set, falling back to default profiles: default
2021-07-18 00:21:05,533 INFO a.t.TodoManagementSpringBoot2Application [restartedMain] Started TodoManagementSpringBoot2Application in 8.261 seconds (JVM running for 10.281)
